# JRE version: Java(TM) SE Runtime Environment (8.0_101-b13) (build 1.8.0_101-b13)
# Java VM: Java HotSpot(TM) 64-Bit Server VM (25.101-b13 mixed mode bsd-amd64 compressed oops)
Heap:
 PSYoungGen      total 454656K, used 387072K [0x00000007a0000000, 0x00000007c0000000, 0x00000007c0000000)
  eden space 387072K, 100% used [0x00000007a0000000,0x00000007b7a00000,0x00000007b7a00000)
  from space 67584K, 0% used [0x00000007b7a00000,0x00000007b7a00000,0x00000007bbc00000)
  to   space 66560K, 6% used [0x00000007bbf00000,0x00000007bc30c010,0x00000007c0000000)
 ParOldGen       total 186880K, used 44263K [0x0000000760000000, 0x000000076b680000, 0x00000007a0000000)
  object space 186880K, 23% used [0x0000000760000000,0x0000000762b39d80,0x000000076b680000)
 Metaspace       used 74129K, capacity 76968K, committed 78552K, reserved 1118208K
  class space    used 9478K, capacity 9901K, committed 10496K, reserved 1048576K
GC Heap History (10 events):
Event: 4408.360 GC heap after
Heap after GC invocations=39 (full 6):
 PSYoungGen      total 443392K, used 48668K [0x00000007a0000000, 0x00000007c0000000, 0x00000007c0000000)
  eden space 394240K, 0% used [0x00000007a0000000,0x00000007a0000000,0x00000007b8100000)
  from space 49152K, 99% used [0x00000007b8100000,0x00000007bb0870a0,0x00000007bb100000)
  to   space 69632K, 0% used [0x00000007bbc00000,0x00000007bbc00000,0x00000007c0000000)
 ParOldGen       total 186880K, used 90405K [0x0000000760000000, 0x000000076b680000, 0x00000007a0000000)
  object space 186880K, 48% used [0x0000000760000000,0x00000007658496a8,0x000000076b680000)
 Metaspace       used 74840K, capacity 78136K, committed 78296K, reserved 1118208K
  class space    used 9759K, capacity 10408K, committed 10496K, reserved 1048576K
}
Event: 4409.844 GC heap before
{Heap before GC invocations=40 (full 6):
 PSYoungGen      total 443392K, used 436415K [0x00000007a0000000, 0x00000007c0000000, 0x00000007c0000000)
  eden space 394240K, 98% used [0x00000007a0000000,0x00000007b7aa8bd0,0x00000007b8100000)
  from space 49152K, 99% used [0x00000007b8100000,0x00000007bb0870a0,0x00000007bb100000)
  to   space 69632K, 0% used [0x00000007bbc00000,0x00000007bbc00000,0x00000007c0000000)
 ParOldGen       total 186880K, used 90405K [0x0000000760000000, 0x000000076b680000, 0x00000007a0000000)
  object space 186880K, 48% used [0x0000000760000000,0x00000007658496a8,0x000000076b680000)
 Metaspace       used 74900K, capacity 78200K, committed 78296K, reserved 1118208K
  class space    used 9759K, capacity 10408K, committed 10496K, reserved 1048576K
Event: 4409.951 GC heap after
Heap after GC invocations=40 (full 6):
 PSYoungGen      total 456704K, used 16756K [0x00000007a0000000, 0x00000007c0000000, 0x00000007c0000000)
  eden space 387072K, 0% used [0x00000007a0000000,0x00000007a0000000,0x00000007b7a00000)
  from space 69632K, 24% used [0x00000007bbc00000,0x00000007bcc5d308,0x00000007c0000000)
  to   space 67584K, 0% used [0x00000007b7a00000,0x00000007b7a00000,0x00000007bbc00000)
 ParOldGen       total 186880K, used 110757K [0x0000000760000000, 0x000000076b680000, 0x00000007a0000000)
  object space 186880K, 59% used [0x0000000760000000,0x0000000766c29560,0x000000076b680000)
 Metaspace       used 74900K, capacity 78200K, committed 78296K, reserved 1118208K
  class space    used 9759K, capacity 10408K, committed 10496K, reserved 1048576K
}
Event: 4409.951 GC heap before
{Heap before GC invocations=41 (full 7):
 PSYoungGen      total 456704K, used 16756K [0x00000007a0000000, 0x00000007c0000000, 0x00000007c0000000)
  eden space 387072K, 0% used [0x00000007a0000000,0x00000007a0000000,0x00000007b7a00000)
  from space 69632K, 24% used [0x00000007bbc00000,0x00000007bcc5d308,0x00000007c0000000)
  to   space 67584K, 0% used [0x00000007b7a00000,0x00000007b7a00000,0x00000007bbc00000)
 ParOldGen       total 186880K, used 110757K [0x0000000760000000, 0x000000076b680000, 0x00000007a0000000)
  object space 186880K, 59% used [0x0000000760000000,0x0000000766c29560,0x000000076b680000)
 Metaspace       used 74900K, capacity 78200K, committed 78296K, reserved 1118208K
  class space    used 9759K, capacity 10408K, committed 10496K, reserved 1048576K
Event: 4410.373 GC heap after
Heap after GC invocations=41 (full 7):
 PSYoungGen      total 456704K, used 0K [0x00000007a0000000, 0x00000007c0000000, 0x00000007c0000000)
  eden space 387072K, 0% used [0x00000007a0000000,0x00000007a0000000,0x00000007b7a00000)
  from space 69632K, 0% used [0x00000007bbc00000,0x00000007bbc00000,0x00000007c0000000)
  to   space 67584K, 0% used [0x00000007b7a00000,0x00000007b7a00000,0x00000007bbc00000)
 ParOldGen       total 186880K, used 40716K [0x0000000760000000, 0x000000076b680000, 0x00000007a0000000)
  object space 186880K, 21% used [0x0000000760000000,0x00000007627c32b0,0x000000076b680000)
 Metaspace       used 72704K, capacity 75116K, committed 78296K, reserved 1118208K
  class space    used 9319K, capacity 9726K, committed 10496K, reserved 1048576K
}
Event: 4620.009 GC heap before
{Heap before GC invocations=42 (full 7):
 PSYoungGen      total 456704K, used 167107K [0x00000007a0000000, 0x00000007c0000000, 0x00000007c0000000)
  eden space 387072K, 43% used [0x00000007a0000000,0x00000007aa330f48,0x00000007b7a00000)
  from space 69632K, 0% used [0x00000007bbc00000,0x00000007bbc00000,0x00000007c0000000)
  to   space 67584K, 0% used [0x00000007b7a00000,0x00000007b7a00000,0x00000007bbc00000)
 ParOldGen       total 186880K, used 40716K [0x0000000760000000, 0x000000076b680000, 0x00000007a0000000)
  object space 186880K, 21% used [0x0000000760000000,0x00000007627c32b0,0x000000076b680000)
 Metaspace       used 73123K, capacity 75644K, committed 78296K, reserved 1118208K
  class space    used 9378K, capacity 9778K, committed 10496K, reserved 1048576K
Event: 4620.029 GC heap after
Heap after GC invocations=42 (full 7):
 PSYoungGen      total 454656K, used 7191K [0x00000007a0000000, 0x00000007c0000000, 0x00000007c0000000)
  eden space 387072K, 0% used [0x00000007a0000000,0x00000007a0000000,0x00000007b7a00000)
  from space 67584K, 10% used [0x00000007b7a00000,0x00000007b8105e40,0x00000007bbc00000)
  to   space 66560K, 0% used [0x00000007bbf00000,0x00000007bbf00000,0x00000007c0000000)
 ParOldGen       total 186880K, used 40724K [0x0000000760000000, 0x000000076b680000, 0x00000007a0000000)
  object space 186880K, 21% used [0x0000000760000000,0x00000007627c52b0,0x000000076b680000)
 Metaspace       used 73123K, capacity 75644K, committed 78296K, reserved 1118208K
  class space    used 9378K, capacity 9778K, committed 10496K, reserved 1048576K
}
Event: 4620.029 GC heap before
{Heap before GC invocations=43 (full 8):
 PSYoungGen      total 454656K, used 7191K [0x00000007a0000000, 0x00000007c0000000, 0x00000007c0000000)
  eden space 387072K, 0% used [0x00000007a0000000,0x00000007a0000000,0x00000007b7a00000)
  from space 67584K, 10% used [0x00000007b7a00000,0x00000007b8105e40,0x00000007bbc00000)
  to   space 66560K, 0% used [0x00000007bbf00000,0x00000007bbf00000,0x00000007c0000000)
 ParOldGen       total 186880K, used 40724K [0x0000000760000000, 0x000000076b680000, 0x00000007a0000000)
  object space 186880K, 21% used [0x0000000760000000,0x00000007627c52b0,0x000000076b680000)
 Metaspace       used 73123K, capacity 75644K, committed 78296K, reserved 1118208K
  class space    used 9378K, capacity 9778K, committed 10496K, reserved 1048576K
Event: 4620.609 GC heap after
Heap after GC invocations=43 (full 8):
 PSYoungGen      total 454656K, used 0K [0x00000007a0000000, 0x00000007c0000000, 0x00000007c0000000)
  eden space 387072K, 0% used [0x00000007a0000000,0x00000007a0000000,0x00000007b7a00000)
  from space 67584K, 0% used [0x00000007b7a00000,0x00000007b7a00000,0x00000007bbc00000)
  to   space 66560K, 0% used [0x00000007bbf00000,0x00000007bbf00000,0x00000007c0000000)
 ParOldGen       total 186880K, used 44263K [0x0000000760000000, 0x000000076b680000, 0x00000007a0000000)
  object space 186880K, 23% used [0x0000000760000000,0x0000000762b39d80,0x000000076b680000)
 Metaspace       used 73123K, capacity 75644K, committed 78296K, reserved 1118208K
  class space    used 9378K, capacity 9778K, committed 10496K, reserved 1048576K
}
Event: 5851.139 GC heap before
{Heap before GC invocations=44 (full 8):
 PSYoungGen      total 454656K, used 387072K [0x00000007a0000000, 0x00000007c0000000, 0x00000007c0000000)
  eden space 387072K, 100% used [0x00000007a0000000,0x00000007b7a00000,0x00000007b7a00000)
  from space 67584K, 0% used [0x00000007b7a00000,0x00000007b7a00000,0x00000007bbc00000)
  to   space 66560K, 0% used [0x00000007bbf00000,0x00000007bbf00000,0x00000007c0000000)
 ParOldGen       total 186880K, used 44263K [0x0000000760000000, 0x000000076b680000, 0x00000007a0000000)
  object space 186880K, 23% used [0x0000000760000000,0x0000000762b39d80,0x000000076b680000)
 Metaspace       used 74129K, capacity 76968K, committed 78552K, reserved 1118208K
  class space    used 9478K, capacity 9901K, committed 10496K, reserved 1048576K

